[DEBUG] 2019-04-04 16:12:55,907 | /opt/erpnext/frappe-training/apps/frappe/frappe/utils/scheduler.py:
Site: mis.training.local
Queued events for site mis.training.local
[DEBUG] 2019-04-04 16:13:57,188 | /opt/erpnext/frappe-training/apps/frappe/frappe/utils/scheduler.py:
Site: mis.training.local
Queued events for site mis.training.local
[DEBUG] 2019-04-04 16:14:57,391 | /opt/erpnext/frappe-training/apps/frappe/frappe/utils/scheduler.py:
Site: mis.training.local
Queued events for site mis.training.local
[DEBUG] 2019-04-04 16:15:57,547 | /opt/erpnext/frappe-training/apps/frappe/frappe/utils/scheduler.py:
Site: mis.training.local
Queued events for site mis.training.local
[DEBUG] 2019-04-04 16:16:57,691 | /opt/erpnext/frappe-training/apps/frappe/frappe/utils/scheduler.py:
Site: mis.training.local
Queued events for site mis.training.local
[DEBUG] 2019-04-04 16:17:57,879 | /opt/erpnext/frappe-training/apps/frappe/frappe/utils/scheduler.py:
Site: mis.training.local
Queued events for site mis.training.local
[DEBUG] 2019-04-04 16:18:58,078 | /opt/erpnext/frappe-training/apps/frappe/frappe/utils/scheduler.py:
Site: mis.training.local
Queued events for site mis.training.local
[DEBUG] 2019-04-04 16:19:58,240 | /opt/erpnext/frappe-training/apps/frappe/frappe/utils/scheduler.py:
Site: mis.training.local
Queued events for site mis.training.local
[DEBUG] 2019-04-04 16:20:58,449 | /opt/erpnext/frappe-training/apps/frappe/frappe/utils/scheduler.py:
Site: mis.training.local
Queued events for site mis.training.local
[DEBUG] 2019-04-04 16:21:58,657 | /opt/erpnext/frappe-training/apps/frappe/frappe/utils/scheduler.py:
Site: mis.training.local
Queued events for site mis.training.local
[DEBUG] 2019-04-04 16:22:58,883 | /opt/erpnext/frappe-training/apps/frappe/frappe/utils/scheduler.py:
Site: mis.training.local
Queued events for site mis.training.local
[DEBUG] 2019-04-04 16:23:59,179 | /opt/erpnext/frappe-training/apps/frappe/frappe/utils/scheduler.py:
Site: mis.training.local
Queued events for site mis.training.local
[DEBUG] 2019-04-04 16:24:59,386 | /opt/erpnext/frappe-training/apps/frappe/frappe/utils/scheduler.py:
Site: mis.training.local
Queued events for site mis.training.local
[DEBUG] 2019-04-04 16:25:59,527 | /opt/erpnext/frappe-training/apps/frappe/frappe/utils/scheduler.py:
Site: mis.training.local
Queued events for site mis.training.local
[DEBUG] 2019-04-04 16:26:59,719 | /opt/erpnext/frappe-training/apps/frappe/frappe/utils/scheduler.py:
Site: mis.training.local
Queued events for site mis.training.local
[DEBUG] 2019-04-04 16:27:59,935 | /opt/erpnext/frappe-training/apps/frappe/frappe/utils/scheduler.py:
Site: mis.training.local
Queued events for site mis.training.local
[DEBUG] 2019-04-04 16:29:00,170 | /opt/erpnext/frappe-training/apps/frappe/frappe/utils/scheduler.py:
Site: mis.training.local
Queued events for site mis.training.local
[DEBUG] 2019-04-04 16:30:02,181 | /opt/erpnext/frappe-training/apps/frappe/frappe/utils/scheduler.py:
Site: mis.training.local
Queued events for site mis.training.local
[DEBUG] 2019-04-04 16:31:02,442 | /opt/erpnext/frappe-training/apps/frappe/frappe/utils/scheduler.py:
Site: mis.training.local
Queued events for site mis.training.local
[DEBUG] 2019-04-04 16:32:02,653 | /opt/erpnext/frappe-training/apps/frappe/frappe/utils/scheduler.py:
Site: mis.training.local
Queued events for site mis.training.local
[DEBUG] 2019-04-04 16:33:02,797 | /opt/erpnext/frappe-training/apps/frappe/frappe/utils/scheduler.py:
Site: mis.training.local
Queued events for site mis.training.local
[DEBUG] 2019-04-04 16:34:03,006 | /opt/erpnext/frappe-training/apps/frappe/frappe/utils/scheduler.py:
Site: mis.training.local
Queued events for site mis.training.local
[DEBUG] 2019-04-04 16:35:03,173 | /opt/erpnext/frappe-training/apps/frappe/frappe/utils/scheduler.py:
Site: mis.training.local
Queued events for site mis.training.local
[DEBUG] 2019-04-04 16:36:03,413 | /opt/erpnext/frappe-training/apps/frappe/frappe/utils/scheduler.py:
Site: mis.training.local
Queued events for site mis.training.local
[DEBUG] 2019-04-04 16:37:03,605 | /opt/erpnext/frappe-training/apps/frappe/frappe/utils/scheduler.py:
Site: mis.training.local
Queued events for site mis.training.local
[DEBUG] 2019-04-04 16:38:03,797 | /opt/erpnext/frappe-training/apps/frappe/frappe/utils/scheduler.py:
Site: mis.training.local
Queued events for site mis.training.local
[ERROR] 2019-04-04 16:38:42,431 | /opt/erpnext/frappe-training/apps/frappe/frappe/app.py:
Site: mis.training.local
Form Dict: {
 "data": ""
}
Request Error
Traceback (most recent call last):
  File "/opt/erpnext/frappe-training/apps/frappe/frappe/app.py", line 66, in application
    response = frappe.api.handle()
  File "/opt/erpnext/frappe-training/apps/frappe/frappe/api.py", line 117, in handle
    data = json.loads(frappe.local.form_dict.data)
  File "/usr/lib/python3.6/json/__init__.py", line 354, in loads
    return _default_decoder.decode(s)
  File "/usr/lib/python3.6/json/decoder.py", line 339, in decode
    obj, end = self.raw_decode(s, idx=_w(s, 0).end())
  File "/usr/lib/python3.6/json/decoder.py", line 357, in raw_decode
    raise JSONDecodeError("Expecting value", s, err.value) from None
json.decoder.JSONDecodeError: Expecting value: line 1 column 1 (char 0)
[ERROR] 2019-04-04 16:38:42,711 | /opt/erpnext/frappe-training/apps/frappe/frappe/utils/error.py:
Could not take error snapshot: startswith first arg must be str or a tuple of str, not bytes
Traceback (most recent call last):
  File "/opt/erpnext/frappe-training/apps/frappe/frappe/app.py", line 66, in application
    response = frappe.api.handle()
  File "/opt/erpnext/frappe-training/apps/frappe/frappe/api.py", line 117, in handle
    data = json.loads(frappe.local.form_dict.data)
  File "/usr/lib/python3.6/json/__init__.py", line 354, in loads
    return _default_decoder.decode(s)
  File "/usr/lib/python3.6/json/decoder.py", line 339, in decode
    obj, end = self.raw_decode(s, idx=_w(s, 0).end())
  File "/usr/lib/python3.6/json/decoder.py", line 357, in raw_decode
    raise JSONDecodeError("Expecting value", s, err.value) from None
json.decoder.JSONDecodeError: Expecting value: line 1 column 1 (char 0)

During handling of the above exception, another exception occurred:

Traceback (most recent call last):
  File "/opt/erpnext/frappe-training/apps/frappe/frappe/utils/error.py", line 36, in make_error_snapshot
    snapshot = get_snapshot(exception)
  File "/opt/erpnext/frappe-training/apps/frappe/frappe/utils/error.py", line 131, in get_snapshot
    if type(value)==str and value.startswith(b"u'"):
TypeError: startswith first arg must be str or a tuple of str, not bytes
[DEBUG] 2019-04-04 16:39:04,282 | /opt/erpnext/frappe-training/apps/frappe/frappe/utils/scheduler.py:
Site: mis.training.local
Queued events for site mis.training.local
[DEBUG] 2019-04-04 16:40:04,510 | /opt/erpnext/frappe-training/apps/frappe/frappe/utils/scheduler.py:
Site: mis.training.local
Queued events for site mis.training.local
[DEBUG] 2019-04-04 16:41:04,835 | /opt/erpnext/frappe-training/apps/frappe/frappe/utils/scheduler.py:
Site: mis.training.local
Queued events for site mis.training.local
[DEBUG] 2019-04-04 16:42:05,017 | /opt/erpnext/frappe-training/apps/frappe/frappe/utils/scheduler.py:
Site: mis.training.local
Queued events for site mis.training.local
[DEBUG] 2019-04-04 16:43:05,220 | /opt/erpnext/frappe-training/apps/frappe/frappe/utils/scheduler.py:
Site: mis.training.local
Queued events for site mis.training.local
[DEBUG] 2019-04-04 16:44:05,415 | /opt/erpnext/frappe-training/apps/frappe/frappe/utils/scheduler.py:
Site: mis.training.local
Queued events for site mis.training.local
[DEBUG] 2019-04-04 16:45:05,625 | /opt/erpnext/frappe-training/apps/frappe/frappe/utils/scheduler.py:
Site: mis.training.local
Queued events for site mis.training.local
[DEBUG] 2019-04-04 16:46:05,817 | /opt/erpnext/frappe-training/apps/frappe/frappe/utils/scheduler.py:
Site: mis.training.local
Queued events for site mis.training.local
[DEBUG] 2019-04-04 16:47:06,011 | /opt/erpnext/frappe-training/apps/frappe/frappe/utils/scheduler.py:
Site: mis.training.local
Queued events for site mis.training.local
[DEBUG] 2019-04-04 16:48:06,287 | /opt/erpnext/frappe-training/apps/frappe/frappe/utils/scheduler.py:
Site: mis.training.local
Queued events for site mis.training.local
[DEBUG] 2019-04-04 16:49:06,626 | /opt/erpnext/frappe-training/apps/frappe/frappe/utils/scheduler.py:
Site: mis.training.local
Queued events for site mis.training.local
[DEBUG] 2019-04-04 16:50:06,819 | /opt/erpnext/frappe-training/apps/frappe/frappe/utils/scheduler.py:
Site: mis.training.local
Queued events for site mis.training.local
[DEBUG] 2019-04-04 16:51:07,009 | /opt/erpnext/frappe-training/apps/frappe/frappe/utils/scheduler.py:
Site: mis.training.local
Queued events for site mis.training.local
[DEBUG] 2019-04-04 16:52:07,217 | /opt/erpnext/frappe-training/apps/frappe/frappe/utils/scheduler.py:
Site: mis.training.local
Queued events for site mis.training.local
[DEBUG] 2019-04-04 16:53:07,375 | /opt/erpnext/frappe-training/apps/frappe/frappe/utils/scheduler.py:
Site: mis.training.local
Queued events for site mis.training.local
[DEBUG] 2019-04-04 16:54:07,538 | /opt/erpnext/frappe-training/apps/frappe/frappe/utils/scheduler.py:
Site: mis.training.local
Queued events for site mis.training.local
[DEBUG] 2019-04-04 16:55:07,680 | /opt/erpnext/frappe-training/apps/frappe/frappe/utils/scheduler.py:
Site: mis.training.local
Queued events for site mis.training.local
[DEBUG] 2019-04-04 16:56:07,884 | /opt/erpnext/frappe-training/apps/frappe/frappe/utils/scheduler.py:
Site: mis.training.local
Queued events for site mis.training.local
[DEBUG] 2019-04-04 16:57:08,074 | /opt/erpnext/frappe-training/apps/frappe/frappe/utils/scheduler.py:
Site: mis.training.local
Queued events for site mis.training.local
[DEBUG] 2019-04-04 16:58:08,276 | /opt/erpnext/frappe-training/apps/frappe/frappe/utils/scheduler.py:
Site: mis.training.local
Queued events for site mis.training.local
[DEBUG] 2019-04-04 16:59:08,412 | /opt/erpnext/frappe-training/apps/frappe/frappe/utils/scheduler.py:
Site: mis.training.local
Queued events for site mis.training.local
